<?xml version="1.0" encoding="UTF-8"?>
<!-- Generated by org.testng.reporters.JUnitReportReporter -->
<testsuite hostname="DESKTOP-VINCGOE" failures="0" tests="1" name="com.FrameworkQa_Verify.Title_Verification_Test" time="6.983" errors="0" timestamp="2023-10-30T14:27:09 PDT" skipped="0">
  <testcase classname="com.FrameworkQa_Verify.Title_Verification_Test" name="rediffTitleVerificationTest" time="6.983"/>
</testsuite> <!-- com.FrameworkQa_Verify.Title_Verification_Test -->
