<?xml version="1.0" encoding="UTF-8"?>
<!-- Generated by org.testng.reporters.JUnitReportReporter -->
<testsuite hostname="DESKTOP-VINCGOE" failures="0" tests="1" name="com.Tutorials_Ninja_Test.LoginTest" time="7.872" errors="0" timestamp="2023-10-30T14:30:50 PDT" skipped="0">
  <testcase classname="com.Tutorials_Ninja_Test.LoginTest" name="verifyLoginWithValidEmailAndPassowrd" time="7.872"/>
</testsuite> <!-- com.Tutorials_Ninja_Test.LoginTest -->
