<?xml version="1.0" encoding="UTF-8"?>
<!-- Generated by org.testng.reporters.JUnitReportReporter -->
<testsuite hostname="DESKTOP-VINCGOE" failures="0" tests="8" name="com.Tutorials.Ninja.Test.LoginTest" time="55.441" errors="0" timestamp="2023-10-10T11:15:36 PDT" skipped="0">
  <testcase classname="com.Tutorials.Ninja.Test.LoginTest" name="verifyLoginWithValidEmailAndPassowrd" time="7.340"/>
  <testcase classname="com.Tutorials.Ninja.Test.LoginTest" name="verifyLoginWithValidEmailAndInvalidPassword" time="6.351"/>
  <testcase classname="com.Tutorials.Ninja.Test.LoginTest" name="verifyLoginWithInvalidEmailAndValidPassword" time="9.302"/>
  <testcase classname="com.Tutorials.Ninja.Test.LoginTest" name="verifyLoginWithInvalidEmailAndPassword" time="6.676"/>
  <testcase classname="com.Tutorials.Ninja.Test.LoginTest" name="verifyLoginWithValidEmailOnly" time="6.359"/>
  <testcase classname="com.Tutorials.Ninja.Test.LoginTest" name="verifyLoginWithValidPassworOnly" time="6.587"/>
  <testcase classname="com.Tutorials.Ninja.Test.LoginTest" name="verifyLoginWithNoCredentialsAndSubmitButtonIsclicked" time="6.559"/>
  <testcase classname="com.Tutorials.Ninja.Test.LoginTest" name="verifyForgotPasswordFunctionality" time="6.267"/>
</testsuite> <!-- com.Tutorials.Ninja.Test.LoginTest -->
