<?xml version="1.0" encoding="UTF-8"?>
<!-- Generated by org.testng.reporters.JUnitReportReporter -->
<testsuite hostname="DESKTOP-VINCGOE" failures="0" tests="1" name="com.FrameworkQa_Verify.Verify_Presence_Of_Element" time="9.173" errors="0" timestamp="2023-10-31T22:48:33 PDT" skipped="0">
  <testcase classname="com.FrameworkQa_Verify.Verify_Presence_Of_Element" name="verifyPresenceOfCertainElementsOnTheNewPage" time="9.173"/>
</testsuite> <!-- com.FrameworkQa_Verify.Verify_Presence_Of_Element -->
