<?xml version="1.0" encoding="UTF-8"?>
<!-- Generated by org.testng.reporters.JUnitReportReporter -->
<testsuite hostname="DESKTOP-VINCGOE" failures="0" tests="8" name="com.Tutorials.Ninja.Test.Login" time="61.976" errors="0" timestamp="2023-10-07T22:00:06 PDT" skipped="0">
  <testcase classname="com.Tutorials.Ninja.Test.Login" name="VerifyLoginWithValidCredentials" time="7.439"/>
  <testcase classname="com.Tutorials.Ninja.Test.Login" name="VerifyLoginWithValidEmailAndInvalidPassword" time="7.396"/>
  <testcase classname="com.Tutorials.Ninja.Test.Login" name="VerifyLoginWithInvalidEmailAndValidPassword" time="7.803"/>
  <testcase classname="com.Tutorials.Ninja.Test.Login" name="VerifyLoginWithInvalidCredentials" time="7.166"/>
  <testcase classname="com.Tutorials.Ninja.Test.Login" name="VerifyLoginWithNoCredentialsAndSubmitButtonIsclicked" time="7.571"/>
  <testcase classname="com.Tutorials.Ninja.Test.Login" name="VerifyTheMessageForInvalidLogin" time="7.574"/>
  <testcase classname="com.Tutorials.Ninja.Test.Login" name="VerfiyUserSuccessfullyLoggedIn" time="9.819"/>
  <testcase classname="com.Tutorials.Ninja.Test.Login" name="VerifyForgotPasswordFunctionality" time="7.208"/>
</testsuite> <!-- com.Tutorials.Ninja.Test.Login -->
