<?xml version="1.0" encoding="UTF-8"?>
<!-- Generated by org.testng.reporters.JUnitReportReporter -->
<testsuite hostname="DESKTOP-VINCGOE" failures="0" tests="1" name="com.Tutorials.Ninja.Test.RegisterTest" time="7.915" errors="0" timestamp="2023-10-11T14:31:37 PDT" skipped="0">
  <testcase classname="com.Tutorials.Ninja.Test.RegisterTest" name="verifyRegisterWithNoDetails" time="7.915"/>
</testsuite> <!-- com.Tutorials.Ninja.Test.RegisterTest -->
