<?xml version="1.0" encoding="UTF-8"?>
<!-- Generated by org.testng.reporters.JUnitReportReporter -->
<testsuite hostname="DESKTOP-VINCGOE" failures="0" tests="1" name="com.InterviewPrep.TotalLinks" time="5.713" errors="0" timestamp="2023-10-19T10:08:24 PDT" skipped="0">
  <testcase classname="com.InterviewPrep.TotalLinks" name="BBCLinks" time="5.713"/>
</testsuite> <!-- com.InterviewPrep.TotalLinks -->
