<?xml version="1.0" encoding="UTF-8"?>
<!-- Generated by org.testng.reporters.JUnitReportReporter -->
<testsuite hostname="DESKTOP-VINCGOE" failures="0" tests="3" name="com.Qa.Tutorialsninja.TestCases.SearchProductTest" time="23.770" errors="0" timestamp="2023-11-25T14:38:52 PST" skipped="0">
  <testcase classname="com.Qa.Tutorialsninja.TestCases.SearchProductTest" name="testSearchValidProduct" time="8.811"/>
  <testcase classname="com.Qa.Tutorialsninja.TestCases.SearchProductTest" name="testSearchNoProduct" time="7.596"/>
  <testcase classname="com.Qa.Tutorialsninja.TestCases.SearchProductTest" name="testSearchInvalidProduct" time="7.363"/>
</testsuite> <!-- com.Qa.Tutorialsninja.TestCases.SearchProductTest -->
