<?xml version="1.0" encoding="UTF-8"?>
<!-- Generated by org.testng.reporters.JUnitReportReporter -->
<testsuite hostname="DESKTOP-VINCGOE" failures="0" tests="1" name="com.FrameworkQa_Verify.SearchTest" time="6.398" errors="0" timestamp="2023-10-31T22:23:38 PDT" skipped="0">
  <testcase classname="com.FrameworkQa_Verify.SearchTest" name="searchTest" time="6.398"/>
</testsuite> <!-- com.FrameworkQa_Verify.SearchTest -->
